<?xml version="1.0" encoding="UTF-8"?>
<testsuite name="et.trustlayer.tx.service.FraudScoringServiceTest" tests="2" skipped="0" failures="0" errors="0" timestamp="2026-03-26T18:51:31.799Z" hostname="Yohanness-MacBook-Air-2.local" time="0.079">
  <properties/>
  <testcase name="addsVelocityFlagWhenManyRecentTransactions()" classname="et.trustlayer.tx.service.FraudScoringServiceTest" time="0.061"/>
  <testcase name="blocksWhenAmountExceedsSingleTxLimit()" classname="et.trustlayer.tx.service.FraudScoringServiceTest" time="0.005"/>
  <system-out><![CDATA[]]></system-out>
  <system-err><![CDATA[]]></system-err>
</testsuite>
