<?xml version="1.0" encoding="UTF-8"?>
<testsuite name="et.trustlayer.authserver.dpop.DPoPAuthenticationFilterTest" tests="3" skipped="0" failures="0" errors="0" timestamp="2026-03-27T16:12:09.649Z" hostname="Yohanness-MacBook-Air-2.local" time="0.012">
  <properties/>
  <testcase name="rejectsInvalidProofFromValidator()" classname="et.trustlayer.authserver.dpop.DPoPAuthenticationFilterTest" time="0.007"/>
  <testcase name="allowsValidProofWithMatchingCnfThumbprint()" classname="et.trustlayer.authserver.dpop.DPoPAuthenticationFilterTest" time="0.003"/>
  <testcase name="rejectsMissingDpopHeaderWhenJwtAuthenticated()" classname="et.trustlayer.authserver.dpop.DPoPAuthenticationFilterTest" time="0.002"/>
  <system-out><![CDATA[]]></system-out>
  <system-err><![CDATA[]]></system-err>
</testsuite>
